<?xml version="1.0" encoding="UTF-8"?>
<!-- Generated by org.testng.reporters.JUnitXMLReporter -->
<testsuite hostname="10503-2F-PG018EM7" ignored="1" name="Default test" tests="1" failures="0" timestamp="18 Feb 2020 12:16:32 GMT" time="3.25" errors="0">
  <testcase name="dailySeven" time="3.212" classname="com.TestScripts.Daily7Test"/>
  <testcase name="Inbox_verify" time="0.0" classname="com.TestScripts.Daily7Test">
    <ignored/>
  </testcase> <!-- Inbox_verify -->
</testsuite> <!-- Default test -->
