<?xml version="1.0" encoding="UTF-8"?>
<testng-results skipped="0" failed="0" total="1" passed="1">
  <reporter-output>
  </reporter-output>
  <suite name="Suite" duration-ms="62254" started-at="2019-07-06T06:49:56Z" finished-at="2019-07-06T06:50:59Z">
    <groups>
    </groups>
    <test name="Test" duration-ms="62254" started-at="2019-07-06T06:49:56Z" finished-at="2019-07-06T06:50:59Z">
      <class name="testscripts.NeagtivePayment">
        <test-method status="PASS" signature="reportConfig()[pri:0, instance:testscripts.NeagtivePayment@357246de]" name="reportConfig" is-config="true" duration-ms="125" started-at="2019-07-06T12:19:56Z" finished-at="2019-07-06T12:19:56Z">
          <reporter-output>
          </reporter-output>
        </test-method> <!-- reportConfig -->
        <test-method status="PASS" signature="startUp()[pri:0, instance:testscripts.NeagtivePayment@357246de]" name="startUp" is-config="true" duration-ms="2747" started-at="2019-07-06T12:19:56Z" finished-at="2019-07-06T12:19:59Z">
          <reporter-output>
          </reporter-output>
        </test-method> <!-- startUp -->
        <test-method status="PASS" signature="paymentTest()[pri:0, instance:testscripts.NeagtivePayment@357246de]" name="paymentTest" duration-ms="59506" started-at="2019-07-06T12:19:59Z" finished-at="2019-07-06T12:20:59Z">
          <reporter-output>
          </reporter-output>
        </test-method> <!-- paymentTest -->
        <test-method status="PASS" signature="reportflush()[pri:0, instance:testscripts.NeagtivePayment@357246de]" name="reportflush" is-config="true" duration-ms="4345" started-at="2019-07-06T12:20:59Z" finished-at="2019-07-06T12:21:03Z">
          <reporter-output>
          </reporter-output>
        </test-method> <!-- reportflush -->
      </class> <!-- testscripts.NeagtivePayment -->
    </test> <!-- Test -->
  </suite> <!-- Suite -->
</testng-results>
