<?xml version="1.0" encoding="UTF-8"?>
<testng-results skipped="0" failed="0" total="1" passed="1">
  <reporter-output>
  </reporter-output>
  <suite name="Suite" duration-ms="66419" started-at="2019-07-06T06:47:06Z" finished-at="2019-07-06T06:48:12Z">
    <groups>
    </groups>
    <test name="Test" duration-ms="66419" started-at="2019-07-06T06:47:06Z" finished-at="2019-07-06T06:48:12Z">
      <class name="testscripts.PaymentTest">
        <test-method status="PASS" signature="reportConfig()[pri:0, instance:testscripts.PaymentTest@6adca536]" name="reportConfig" is-config="true" duration-ms="141" started-at="2019-07-06T12:17:06Z" finished-at="2019-07-06T12:17:06Z">
          <reporter-output>
          </reporter-output>
        </test-method> <!-- reportConfig -->
        <test-method status="PASS" signature="startUp()[pri:0, instance:testscripts.PaymentTest@6adca536]" name="startUp" is-config="true" duration-ms="2660" started-at="2019-07-06T12:17:06Z" finished-at="2019-07-06T12:17:09Z">
          <reporter-output>
          </reporter-output>
        </test-method> <!-- startUp -->
        <test-method status="PASS" signature="paymentTest()[pri:0, instance:testscripts.PaymentTest@6adca536]" name="paymentTest" duration-ms="63759" started-at="2019-07-06T12:17:09Z" finished-at="2019-07-06T12:18:12Z">
          <reporter-output>
          </reporter-output>
        </test-method> <!-- paymentTest -->
        <test-method status="PASS" signature="reportflush()[pri:0, instance:testscripts.PaymentTest@6adca536]" name="reportflush" is-config="true" duration-ms="4393" started-at="2019-07-06T12:18:12Z" finished-at="2019-07-06T12:18:17Z">
          <reporter-output>
          </reporter-output>
        </test-method> <!-- reportflush -->
        <test-method status="PASS" signature="getResult(org.testng.ITestResult)[pri:0, instance:testscripts.PaymentTest@6adca536]" name="getResult" is-config="true" duration-ms="0" started-at="2019-07-06T12:18:12Z" finished-at="2019-07-06T12:18:12Z">
          <params>
            <param index="0">
              <value>
                <![CDATA[[TestResult name=paymentTest status=SUCCESS method=PaymentTest.paymentTest()[pri:0, instance:testscripts.PaymentTest@6adca536] output={null}]]]>
              </value>
            </param>
          </params>
          <reporter-output>
          </reporter-output>
        </test-method> <!-- getResult -->
      </class> <!-- testscripts.PaymentTest -->
    </test> <!-- Test -->
  </suite> <!-- Suite -->
</testng-results>
