<?xml version="1.0" encoding="UTF-8"?>
<!-- Generated by org.testng.reporters.JUnitXMLReporter -->
<testsuite hostname="DESKTOP-GILI3G4" name="Test" tests="18" failures="0" timestamp="15 Apr 2020 12:24:44 GMT" time="37.207" errors="0">
  <testcase name="@BeforeTest startUp" time="0.0" classname="com.testscripts.ProfileViewNotContactWithDate">
    <failure type="org.openqa.selenium.SessionNotCreatedException" message="session not created
from chrome not reachable
  (Session info: chrome=80.0.3987.163)
  (Driver info: chromedriver=2.43.600210 (68dcf5eebde37173d4027fa8635e332711d2874a),platform=Windows NT 10.0.18362 x86_64) (WARNING: The server did not provide any stacktrace information)
Command duration or timeout: 14.83 seconds
Build info: version: &amp;apos;3.141.59&amp;apos;, revision: &amp;apos;e82be7d358&amp;apos;, time: &amp;apos;2018-11-14T08:17:03&amp;apos;
System info: host: &amp;apos;DESKTOP-GILI3G4&amp;apos;, ip: &amp;apos;10.0.0.54&amp;apos;, os.name: &amp;apos;Windows 10&amp;apos;, os.arch: &amp;apos;amd64&amp;apos;, os.version: &amp;apos;10.0&amp;apos;, java.version: &amp;apos;1.8.0_241&amp;apos;
Driver info: driver.version: ChromeDriver">
      <![CDATA[org.openqa.selenium.SessionNotCreatedException: session not created
from chrome not reachable
  (Session info: chrome=80.0.3987.163)
  (Driver info: chromedriver=2.43.600210 (68dcf5eebde37173d4027fa8635e332711d2874a),platform=Windows NT 10.0.18362 x86_64) (WARNING: The server did not provide any stacktrace information)
Command duration or timeout: 14.83 seconds
Build info: version: '3.141.59', revision: 'e82be7d358', time: '2018-11-14T08:17:03'
System info: host: 'DESKTOP-GILI3G4', ip: '10.0.0.54', os.name: 'Windows 10', os.arch: 'amd64', os.version: '10.0', java.version: '1.8.0_241'
Driver info: driver.version: ChromeDriver
	at org.openqa.selenium.remote.ErrorHandler.createThrowable(ErrorHandler.java:214)
	at org.openqa.selenium.remote.ErrorHandler.throwIfResponseFailed(ErrorHandler.java:166)
	at org.openqa.selenium.remote.JsonWireProtocolResponse.lambda$errorHandler$0(JsonWireProtocolResponse.java:54)
	at org.openqa.selenium.remote.HandshakeResponse.lambda$getResponseFunction$0(HandshakeResponse.java:30)
	at org.openqa.selenium.remote.ProtocolHandshake.lambda$createSession$0(ProtocolHandshake.java:126)
	at java.util.stream.ReferencePipeline$3$1.accept(Unknown Source)
	at java.util.Spliterators$ArraySpliterator.tryAdvance(Unknown Source)
	at java.util.stream.ReferencePipeline.forEachWithCancel(Unknown Source)
	at java.util.stream.AbstractPipeline.copyIntoWithCancel(Unknown Source)
	at java.util.stream.AbstractPipeline.copyInto(Unknown Source)
	at java.util.stream.AbstractPipeline.wrapAndCopyInto(Unknown Source)
	at java.util.stream.FindOps$FindOp.evaluateSequential(Unknown Source)
	at java.util.stream.AbstractPipeline.evaluate(Unknown Source)
	at java.util.stream.ReferencePipeline.findFirst(Unknown Source)
	at org.openqa.selenium.remote.ProtocolHandshake.createSession(ProtocolHandshake.java:128)
	at org.openqa.selenium.remote.ProtocolHandshake.createSession(ProtocolHandshake.java:74)
	at org.openqa.selenium.remote.HttpCommandExecutor.execute(HttpCommandExecutor.java:136)
	at org.openqa.selenium.remote.service.DriverCommandExecutor.execute(DriverCommandExecutor.java:83)
	at org.openqa.selenium.remote.RemoteWebDriver.execute(RemoteWebDriver.java:552)
	at org.openqa.selenium.remote.RemoteWebDriver.startSession(RemoteWebDriver.java:213)
	at org.openqa.selenium.remote.RemoteWebDriver.<init>(RemoteWebDriver.java:131)
	at org.openqa.selenium.chrome.ChromeDriver.<init>(ChromeDriver.java:181)
	at org.openqa.selenium.chrome.ChromeDriver.<init>(ChromeDriver.java:168)
	at org.openqa.selenium.chrome.ChromeDriver.<init>(ChromeDriver.java:157)
	at com.testscripts.ShortlistedMeScroll.startUp(ShortlistedMeScroll.java:31)
... Removed 26 stack frames]]>
    </failure>
  </testcase> <!-- @BeforeTest startUp -->
  <testcase name="@BeforeTest startUp" time="0.0" classname="com.testscripts.ProfileViewNotContactWithDate">
    <skipped/>
  </testcase> <!-- @BeforeTest startUp -->
  <testcase name="@BeforeTest startUp" time="0.0" classname="com.testscripts.ProfileViewNotContactWithDate">
    <skipped/>
  </testcase> <!-- @BeforeTest startUp -->
  <testcase name="@BeforeMethod setUp" time="0.0" classname="com.testscripts.SortScrollTest">
    <skipped/>
  </testcase> <!-- @BeforeMethod setUp -->
  <testcase name="@BeforeMethod setUp" time="0.0" classname="com.testscripts.ShortListViewProfile2">
    <skipped/>
  </testcase> <!-- @BeforeMethod setUp -->
  <testcase name="@BeforeMethod setUp" time="0.0" classname="com.testscripts.ShortListViewProfile">
    <skipped/>
  </testcase> <!-- @BeforeMethod setUp -->
  <testcase name="@BeforeMethod setUp" time="0.0" classname="com.testscripts.ViewHoroscopeTest">
    <skipped/>
  </testcase> <!-- @BeforeMethod setUp -->
  <testcase name="@AfterMethod teatDown" time="0.0" classname="com.testscripts.ViewHoroscopeTest">
    <skipped/>
  </testcase> <!-- @AfterMethod teatDown -->
  <testcase name="@BeforeMethod shortList" time="0.0" classname="com.testscripts.ShortListTest">
    <skipped/>
  </testcase> <!-- @BeforeMethod shortList -->
  <testcase name="@BeforeMethod shortList" time="0.0" classname="com.testscripts.ShortListTest">
    <skipped/>
  </testcase> <!-- @BeforeMethod shortList -->
  <testcase name="@BeforeMethod shortList" time="0.0" classname="com.testscripts.ShortListTest">
    <skipped/>
  </testcase> <!-- @BeforeMethod shortList -->
  <testcase name="@BeforeMethod shortList" time="0.0" classname="com.testscripts.ShortListTest">
    <skipped/>
  </testcase> <!-- @BeforeMethod shortList -->
  <testcase name="@BeforeMethod setUp" time="0.0" classname="com.testscripts.ViewProfileRequestTest">
    <skipped/>
  </testcase> <!-- @BeforeMethod setUp -->
  <testcase name="@BeforeMethod setUp" time="0.0" classname="com.testscripts.ViewProfileScrollTest">
    <skipped/>
  </testcase> <!-- @BeforeMethod setUp -->
  <testcase name="@AfterTest tearDown" time="0.0" classname="com.testscripts.ProfileViewNotContactWithDate">
    <skipped/>
  </testcase> <!-- @AfterTest tearDown -->
  <testcase name="@AfterTest tearDown" time="0.0" classname="com.testscripts.ProfileViewNotContactWithDate">
    <skipped/>
  </testcase> <!-- @AfterTest tearDown -->
  <testcase name="@AfterTest teardown" time="0.0" classname="com.testscripts.ProfileViewNotContactWithDate">
    <skipped/>
  </testcase> <!-- @AfterTest teardown -->
  <testcase name="@AfterTest tearDown" time="0.0" classname="com.testscripts.ProfileViewNotContactWithDate">
    <skipped/>
  </testcase> <!-- @AfterTest tearDown -->
  <testcase name="@AfterTest tearDown" time="0.0" classname="com.testscripts.ProfileViewNotContactWithDate">
    <skipped/>
  </testcase> <!-- @AfterTest tearDown -->
  <testcase name="@AfterTest tearDown" time="0.0" classname="com.testscripts.ProfileViewNotContactWithDate">
    <skipped/>
  </testcase> <!-- @AfterTest tearDown -->
  <testcase name="@AfterTest mail" time="0.0" classname="com.testscripts.ProfileViewNotContactWithDate">
    <skipped/>
  </testcase> <!-- @AfterTest mail -->
  <testcase name="sortTest" time="0.001" classname="com.testscripts.SortScrollTest">
    <skipped/>
  </testcase> <!-- sortTest -->
  <testcase name="shortList" time="0.003" classname="com.testscripts.ShortListViewProfile2">
    <skipped/>
  </testcase> <!-- shortList -->
  <testcase name="shortlistViewProfileTest" time="0.001" classname="com.testscripts.WhoShortlistedBannerTest">
    <skipped/>
  </testcase> <!-- shortlistViewProfileTest -->
  <testcase name="whoShortListedMe" time="0.001" classname="com.testscripts.WhoShortListeMeTest">
    <skipped/>
  </testcase> <!-- whoShortListedMe -->
  <testcase name="whoShortListedMe" time="0.004" classname="com.testscripts.WhoViewMyMobileNoTest">
    <skipped/>
  </testcase> <!-- whoShortListedMe -->
  <testcase name="shortList" time="0.004" classname="com.testscripts.ShortListViewProfile">
    <skipped/>
  </testcase> <!-- shortList -->
  <testcase name="testCase" time="0.001" classname="com.testscripts.ViewHoroscopeTest">
    <skipped/>
  </testcase> <!-- testCase -->
  <testcase name="whoShortlistedMeScrollTest" time="0.001" classname="com.testscripts.ShortlistedMeScroll">
    <skipped/>
  </testcase> <!-- whoShortlistedMeScrollTest -->
  <testcase name="profileViewCreated" time="0.001" classname="com.testscripts.ProfileViewNotContacted">
    <skipped/>
  </testcase> <!-- profileViewCreated -->
  <testcase name="profileViewNotContactedTest" time="0.001" classname="com.testscripts.ProfileViewNotContactWithDate">
    <skipped/>
  </testcase> <!-- profileViewNotContactedTest -->
  <testcase name="profileViewNotContactedTest" time="0.004" classname="com.testscripts.ProfileViewNotContactedWithPhoto">
    <skipped/>
  </testcase> <!-- profileViewNotContactedTest -->
  <testcase name="shortlistLatestMatches" time="0.001" classname="com.testscripts.ShortListTest">
    <skipped/>
  </testcase> <!-- shortlistLatestMatches -->
  <testcase name="shortlistMLFM" time="0.001" classname="com.testscripts.ShortListTest">
    <skipped/>
  </testcase> <!-- shortlistMLFM -->
  <testcase name="shortlistPremium_matches" time="0.001" classname="com.testscripts.ShortListTest">
    <skipped/>
  </testcase> <!-- shortlistPremium_matches -->
  <testcase name="shortlistYTBW" time="0.0" classname="com.testscripts.ShortListTest">
    <skipped/>
  </testcase> <!-- shortlistYTBW -->
  <testcase name="whoViewedMeScrollTest" time="0.001" classname="com.testscripts.WhoViewedMyProfileTest">
    <skipped/>
  </testcase> <!-- whoViewedMeScrollTest -->
  <testcase name="viewProfileRequesstTest" time="0.001" classname="com.testscripts.ViewProfileRequestTest">
    <skipped/>
  </testcase> <!-- viewProfileRequesstTest -->
  <testcase name="viewProfilescrolllTest" time="0.001" classname="com.testscripts.ViewProfileScrollTest">
    <skipped/>
  </testcase> <!-- viewProfilescrolllTest -->
</testsuite> <!-- Test -->
