<?xml version="1.0" encoding="UTF-8"?>
<!-- Generated by org.testng.reporters.JUnitReportReporter -->
<testsuite skipped="0" hostname="10503-2F-PG018EM7" name="SprintTask.Gothram" tests="3" failures="0" timestamp="27 Feb 2020 09:50:22 GMT" time="205.740" errors="0">
  <testcase name="exceptMyGothram" time="58.870" classname="SprintTask.Gothram"/>
  <testcase name="changePIGothram" time="62.804" classname="SprintTask.Gothram"/>
  <testcase name="allreadyViewedProfile" time="84.066" classname="SprintTask.Gothram"/>
</testsuite> <!-- SprintTask.Gothram -->
