<?xml version="1.0" encoding="UTF-8"?>
<!-- Generated by org.testng.reporters.JUnitReportReporter -->
<testsuite skipped="6" hostname="10503-2F-PG018EM7" name="SprintTask.GothramListing" tests="7" failures="0" timestamp="18 Feb 2020 09:40:10 GMT" time="174.615" errors="0">
  <testcase name="shortlistedFailTest" time="174.615" classname="SprintTask.GothramListing"/>
  <testcase name="mobile_No_Viewed" classname="SprintTask.GothramListing">
    <skipped/>
  </testcase> <!-- mobile_No_Viewed -->
  <testcase name="profile_Ignored" classname="SprintTask.GothramListing">
    <skipped/>
  </testcase> <!-- profile_Ignored -->
  <testcase name="viewed_Not_Contact" classname="SprintTask.GothramListing">
    <skipped/>
  </testcase> <!-- viewed_Not_Contact -->
  <testcase name="latestMatch" classname="SprintTask.GothramListing">
    <skipped/>
  </testcase> <!-- latestMatch -->
  <testcase name="premiumMatch" classname="SprintTask.GothramListing">
    <skipped/>
  </testcase> <!-- premiumMatch -->
  <testcase name="yetToBeView" classname="SprintTask.GothramListing">
    <skipped/>
  </testcase> <!-- yetToBeView -->
</testsuite> <!-- SprintTask.GothramListing -->
