<?xml version="1.0" encoding="UTF-8"?>
<testng-results skipped="0" failed="0" total="1" passed="1">
  <reporter-output>
  </reporter-output>
  <suite name="Default suite" duration-ms="329281" started-at="2020-04-17T06:52:16Z" finished-at="2020-04-17T06:57:46Z">
    <groups>
    </groups>
    <test name="Default test" duration-ms="329281" started-at="2020-04-17T06:52:16Z" finished-at="2020-04-17T06:57:46Z">
      <class name="com.search.RefineSearchValidation">
        <test-method status="PASS" signature="setUp()[pri:0, instance:com.search.RefineSearchValidation@79ad8b2f]" name="setUp" is-config="true" duration-ms="5879" started-at="2020-04-17T12:22:11Z" finished-at="2020-04-17T12:22:16Z">
          <reporter-output>
          </reporter-output>
        </test-method> <!-- setUp -->
        <test-method status="PASS" signature="regularSearch()[pri:0, instance:com.search.RefineSearchValidation@79ad8b2f]" name="regularSearch" duration-ms="329263" started-at="2020-04-17T12:22:16Z" finished-at="2020-04-17T12:27:46Z">
          <reporter-output>
          </reporter-output>
        </test-method> <!-- regularSearch -->
      </class> <!-- com.search.RefineSearchValidation -->
    </test> <!-- Default test -->
  </suite> <!-- Default suite -->
</testng-results>
