<?xml version="1.0" encoding="UTF-8"?>
<testng-results skipped="0" failed="0" ignored="0" total="1" passed="1">
  <reporter-output>
  </reporter-output>
  <suite name="Default suite" duration-ms="281928" started-at="2019-11-20T04:36:29Z" finished-at="2019-11-20T04:41:11Z">
    <groups>
    </groups>
    <test name="Default test" duration-ms="281928" started-at="2019-11-20T04:36:29Z" finished-at="2019-11-20T04:41:11Z">
      <class name="com.testScripts.Gammoga_BM">
        <test-method status="PASS" signature="setUp()[pri:0, instance:com.testScripts.Gammoga_BM@553f17c]" name="setUp" is-config="true" duration-ms="3575" started-at="2019-11-20T04:36:25Z" finished-at="2019-11-20T04:36:29Z">
          <reporter-output>
          </reporter-output>
        </test-method> <!-- setUp -->
        <test-method status="PASS" signature="excelDownload()[pri:0, instance:com.testScripts.Gammoga_BM@553f17c]" name="excelDownload" duration-ms="281913" started-at="2019-11-20T04:36:29Z" finished-at="2019-11-20T04:41:11Z">
          <reporter-output>
          </reporter-output>
        </test-method> <!-- excelDownload -->
      </class> <!-- com.testScripts.Gammoga_BM -->
    </test> <!-- Default test -->
  </suite> <!-- Default suite -->
</testng-results>
