<?xml version="1.0" encoding="UTF-8"?>
<testsuite xmlns:xsi="http://www.w3.org/2001/XMLSchema-instance" xsi:schemaLocation="https://maven.apache.org/surefire/maven-surefire-plugin/xsd/surefire-test-report.xsd" name="TestSuite" time="278.882" tests="2" errors="0" skipped="0" failures="2">
  <properties>
[...]
</properties>
  <testcase name="excelDownload" classname="com.testScripts.Gamooga" time="264.816">
    <failure message="invalid argument: File not found : C:\Users\amuthan\Downloads\All agents-depts-2019-11-13-2019-11-13 (2).xlsx&#10;  (Session info: chrome=77.0.3865.120)&#10;  (Driver info: chromedriver=2.43.600210 (68dcf5eebde37173d4027fa8635e332711d2874a),platform=Windows NT 10.0.17134 x86_64) (WARNING: The server did not provide any stacktrace information)&#10;Command duration or timeout: 0 milliseconds&#10;Build info: version: &apos;3.12.0&apos;, revision: &apos;7c6e0b3&apos;, time: &apos;2018-05-08T14:04:26.12Z&apos;&#10;System info: host: &apos;10503-2F-PG018E&apos;, ip: &apos;192.168.25.2&apos;, os.name: &apos;Windows 10&apos;, os.arch: &apos;amd64&apos;, os.version: &apos;10.0&apos;, java.version: &apos;1.8.0_162&apos;&#10;Driver info: org.openqa.selenium.chrome.ChromeDriver&#10;Capabilities {acceptInsecureCerts: false, acceptSslCerts: false, applicationCacheEnabled: false, browserConnectionEnabled: false, browserName: chrome, chrome: {chromedriverVersion: 2.43.600210 (68dcf5eebde371..., userDataDir: C:\WINDOWS\TEMP\scoped_dir1...}, cssSelectorsEnabled: true, databaseEnabled: false, goog:chromeOptions: {debuggerAddress: localhost:52284}, handlesAlerts: true, hasTouchScreen: false, javascriptEnabled: true, locationContextEnabled: true, mobileEmulationEnabled: false, nativeEvents: true, networkConnectionEnabled: false, pageLoadStrategy: normal, platform: XP, platformName: XP, rotatable: false, setWindowRect: true, takesHeapSnapshot: true, takesScreenshot: true, unexpectedAlertBehaviour: , unhandledPromptBehavior: , version: 77.0.3865.120, webStorageEnabled: true}&#10;Session ID: 2d3c2f1e80cd334ad2b663e61a2f56c3" type="org.openqa.selenium.WebDriverException">org.openqa.selenium.WebDriverException: 
invalid argument: File not found : C:\Users\amuthan\Downloads\All agents-depts-2019-11-13-2019-11-13 (2).xlsx
  (Session info: chrome=77.0.3865.120)
  (Driver info: chromedriver=2.43.600210 (68dcf5eebde37173d4027fa8635e332711d2874a),platform=Windows NT 10.0.17134 x86_64) (WARNING: The server did not provide any stacktrace information)
Command duration or timeout: 0 milliseconds
Build info: version: '3.12.0', revision: '7c6e0b3', time: '2018-05-08T14:04:26.12Z'
System info: host: '10503-2F-PG018E', ip: '192.168.25.2', os.name: 'Windows 10', os.arch: 'amd64', os.version: '10.0', java.version: '1.8.0_162'
Driver info: org.openqa.selenium.chrome.ChromeDriver
Capabilities {acceptInsecureCerts: false, acceptSslCerts: false, applicationCacheEnabled: false, browserConnectionEnabled: false, browserName: chrome, chrome: {chromedriverVersion: 2.43.600210 (68dcf5eebde371..., userDataDir: C:\WINDOWS\TEMP\scoped_dir1...}, cssSelectorsEnabled: true, databaseEnabled: false, goog:chromeOptions: {debuggerAddress: localhost:52284}, handlesAlerts: true, hasTouchScreen: false, javascriptEnabled: true, locationContextEnabled: true, mobileEmulationEnabled: false, nativeEvents: true, networkConnectionEnabled: false, pageLoadStrategy: normal, platform: XP, platformName: XP, rotatable: false, setWindowRect: true, takesHeapSnapshot: true, takesScreenshot: true, unexpectedAlertBehaviour: , unhandledPromptBehavior: , version: 77.0.3865.120, webStorageEnabled: true}
Session ID: 2d3c2f1e80cd334ad2b663e61a2f56c3
	at com.testScripts.Gamooga.excelDownload(Gamooga.java:210)
</failure>
    <system-out><![CDATA[Download deatils
File Name :-All agents-depts-2019-11-13-2019-11-13 (2).xlsx
Donwloaded path :- chrome://fileicon/?path=C%3A%5CUsers%5Camuthan%5Ceclipse-workspace%5CGammoga%5CData%5CExcel.xlsx%5CAll+agents-depts-2019-11-13-2019-11-13+%282%29.xlsx&scale=1x
Downloaded from url :- https://gamooga.com/manage/chats/
All agents-depts-2019-11-13-2019-11-13 (2).xlsx
https://gamooga.com/manage/chats/
]]></system-out>
    <system-err><![CDATA[Starting ChromeDriver 2.43.600210 (68dcf5eebde37173d4027fa8635e332711d2874a) on port 40610
Only local connections are allowed.
Nov 13, 2019 12:19:22 PM org.openqa.selenium.remote.ProtocolHandshake createSession
INFO: Detected dialect: OSS
]]></system-err>
  </testcase>
  <testcase name="sms" classname="com.testScripts.Gamooga" time="264.817">
    <failure type="java.lang.NullPointerException">java.lang.NullPointerException
	at com.testScripts.Gamooga.sms(Gamooga.java:230)
</failure>
  </testcase>
</testsuite>