<?xml version="1.0" encoding="UTF-8"?>
<testng-results skipped="0" failed="0" ignored="1" total="2" passed="1">
  <reporter-output>
  </reporter-output>
  <suite name="Default suite" duration-ms="3250" started-at="2020-02-18T12:16:29Z" finished-at="2020-02-18T12:16:32Z">
    <groups>
    </groups>
    <test name="Default test" duration-ms="3250" started-at="2020-02-18T12:16:29Z" finished-at="2020-02-18T12:16:32Z">
      <class name="com.TestScripts.Daily7Test">
        <test-method status="PASS" signature="dailySeven()[pri:2, instance:com.TestScripts.Daily7Test@29ca901e]" name="dailySeven" duration-ms="3212" started-at="2020-02-18T12:16:29Z" finished-at="2020-02-18T12:16:32Z">
          <reporter-output>
          </reporter-output>
        </test-method> <!-- dailySeven -->
      </class> <!-- com.TestScripts.Daily7Test -->
    </test> <!-- Default test -->
  </suite> <!-- Default suite -->
</testng-results>
