<?xml version="1.0" encoding="UTF-8"?>
<!-- Generated by org.testng.reporters.JUnitReportReporter -->
<testsuite skipped="1" hostname="10503-2F-PG018EM7" name="com.TestScripts.Daily7Test" tests="2" failures="0" timestamp="18 Feb 2020 12:16:32 GMT" time="3.212" errors="0">
  <testcase name="dailySeven" time="3.212" classname="com.TestScripts.Daily7Test"/>
  <testcase name="Inbox_verify" classname="com.TestScripts.Daily7Test">
    <skipped/>
  </testcase> <!-- Inbox_verify -->
</testsuite> <!-- com.TestScripts.Daily7Test -->
