<?xml version="1.0" encoding="UTF-8"?>
<!-- Generated by org.testng.reporters.JUnitReportReporter -->
<testsuite skipped="3" hostname="10503-2F-PG018EM7" name="com.unitTestModule.LatestMatchesScroll" tests="4" failures="0" timestamp="04 Nov 2019 08:26:16 GMT" time="6958.159" errors="0">
  <testcase name="recentlyActive" time="6958.159" classname="com.unitTestModule.LatestMatchesScroll"/>
  <testcase name="oldestProfile" classname="com.unitTestModule.LatestMatchesScroll">
    <skipped/>
  </testcase> <!-- oldestProfile -->
  <testcase name="newestProfile" classname="com.unitTestModule.LatestMatchesScroll">
    <skipped/>
  </testcase> <!-- newestProfile -->
  <testcase name="relevanceScroll" classname="com.unitTestModule.LatestMatchesScroll">
    <skipped/>
  </testcase> <!-- relevanceScroll -->
</testsuite> <!-- com.unitTestModule.LatestMatchesScroll -->
