<?xml version="1.0" encoding="UTF-8"?>
<!-- Generated by org.testng.reporters.JUnitReportReporter -->
<testsuite hostname="DESKTOP-GILI3G4" name="com.testscripts.InboxCount" tests="3" failures="0" timestamp="6 Apr 2020 12:49:52 GMT" time="173.226" errors="0">
  <testcase name="declineCount" time="70.112" classname="com.testscripts.InboxCount"/>
  <testcase name="replyCount" time="18.018" classname="com.testscripts.InboxCount"/>
  <testcase name="homePageCount" time="85.096" classname="com.testscripts.InboxCount"/>
</testsuite> <!-- com.testscripts.InboxCount -->
