<?xml version="1.0" encoding="UTF-8"?>
<!-- Generated by org.testng.reporters.JUnitReportReporter -->
<testsuite hostname="DESKTOP-GILI3G4" name="com.testscripts.InboxCount" tests="3" failures="0" timestamp="15 Apr 2020 11:55:32 GMT" time="213.617" errors="0">
  <testcase name="declineCount" time="145.584" classname="com.testscripts.InboxCount"/>
  <testcase name="homePageCount" time="36.029" classname="com.testscripts.InboxCount"/>
  <testcase name="replyCount" time="32.004" classname="com.testscripts.InboxCount"/>
</testsuite> <!-- com.testscripts.InboxCount -->
