<?xml version="1.0" encoding="UTF-8"?>
<!-- Generated by org.testng.reporters.JUnitReportReporter -->
<testsuite skipped="0" hostname="10503-2F-PG018EM7" name="com.unitTestModule.MatchesUnitTest" tests="6" failures="0" timestamp="23 Dec 2019 11:37:04 GMT" time="723.584" errors="0">
  <testcase name="adPage" time="58.439" classname="com.unitTestModule.MatchesUnitTest"/>
  <testcase name="viewProfileRequesstTestMWML" time="154.665" classname="com.unitTestModule.MatchesUnitTest"/>
  <testcase name="viewProfileRequesstTest_Premium_matches" time="139.615" classname="com.unitTestModule.MatchesUnitTest"/>
  <testcase name="viewProfileRequesstTest_mutual_matches" time="169.815" classname="com.unitTestModule.MatchesUnitTest"/>
  <testcase name="viewProfileRequesstTestYTW" time="104.414" classname="com.unitTestModule.MatchesUnitTest"/>
  <testcase name="viewProfileRequesstTest" time="96.636" classname="com.unitTestModule.MatchesUnitTest"/>
</testsuite> <!-- com.unitTestModule.MatchesUnitTest -->
